=~=~=~=~=~=~=~=~=~=~=~= PuTTY log 2022.11.25 16:17:41 =~=~=~=~=~=~=~=~=~=~=~=
9.49,0.01
9.49,0.01
9.49,0.01
9.49,0.01
9.47,0.01
9.47,0.01
9.47,0.01
9.47,0.01
9.47,0.01
9.47,0.01
9.47,0.01
9.47,0.01
9.45,0.01
9.45,0.01
9.45,0.01
9.45,0.01
9.45,0.01
9.45,0.01
9.45,0.01
9.45,0.01
9.45,0.01
9.45,0.01
9.45,0.01
9.45,0.01
9.43,0.01
9.43,0.01
9.43,0.01
9.43,0.01
9.43,0.01
9.43,0.01
9.43,0.01
9.43,0.01
Project 4 ready
268435472,0,0,0.00,0.00,0.01
268438144,0,0,0.00,0.00,0.01268435472,0,0,0.00,0.00,0.01
268438144,0,0,0.00,0.00,0.01

268435472,0,0,0.00,10.00,0.01
268438144,0,0,0268435472,0,0,0.00,10.00,0.01
268438144,0,0,0.00,10.00,0..00,10.00,0.01
01
268435472,0,0,0.00,9.50,0.01
268438144,0,0,0.268435472,0,0,0.00,9.50,0.01
268438144,0,0,0.00,9.50,0.0100,9.50,0.01

268435472,0,0,0.00,10.33,0.01
268438144,0,0,0268435472,0,0,0.00,10.33,0.01
268438144,0,0,0.00,10.33,0..00,10.33,0.01
01
268435472,0,0,0.00,9.75,0.01
268438144,0,0,0.268435472,0,0,0.00,9.75,0.01
268438144,0,0,0.00,9.75,0.0100,9.75,0.01

2