


ARM Macro Assembler    Page 1 


    1 00000000                 AREA             handle_pend,CODE,READONLY ;ensu
                                                            res following code 
                                                            is in a continuous 
                                                            read only block of 
                                                            memory
    2 00000000         
    3 00000000                 GLOBAL           PendSV_Handler ;PendSV_Handler 
                                                            function prototype 
                                                            (PendSV interrupt h
                                                            andler). must be gl
                                                            obal as it can be u
                                                            sed in other files
    4 00000000         
    5 00000000                 PRESERVE8                    ;states that stack 
                                                            always lays with 8 
                                                            byte boundaries
    6 00000000         
    7 00000000         PendSV_Handler                       ;PendSV interrupt h
                                                            andler function bod
                                                            y
    8 00000000         
    9 00000000 F06F 0E02       MOV              LR,#0xFFFFFFFD ;sets LR to 0xFF
                                                            FFFFFD, a constant 
                                                            specific to the mic
                                                            rocontroller. this 
                                                            switches the microc
                                                            ontroller to thread
                                                             mode from handler 
                                                            mode, switches to t
                                                            he PSP from the MSP
                                                            , and returns the p
                                                            rogram from the int
                                                            errupt service rout
                                                            ine.
   10 00000004         
   11 00000004 4770            BX               LR          ;returns to part of
                                                             code that was inte
                                                            rrupted, the addres
                                                            s of which was stor
                                                            ed in LR.
   12 00000006         
   13 00000006                 END
Command Line: --debug --xref --diag_suppress=9931 --cpu=Cortex-M3 --apcs=interw
ork --depend=.\objects\svc_call.d -o.\objects\svc_call.o -I.\src -I.\RTE\Device
\LPC1768 -I.\RTE\_Target_1 -IC:\Software\Keil_v5\ARM\PACK\ARM\CMSIS\5.8.0\CMSIS
\Core\Include -IC:\Software\Keil_v5\ARM\PACK\Keil\LPC1700_DFP\2.7.0\Device\Incl
ude --predefine="__EVAL SETA 1" --predefine="__UVISION_VERSION SETA 531" --pred
efine="_RTE_ SETA 1" --predefine="LPC175x_6x SETA 1" --predefine="_RTE_ SETA 1"
 --list=.\listings\svc_call.lst src\svc_call.s



ARM Macro Assembler    Page 1 Alphabetic symbol ordering
Relocatable symbols

PendSV_Handler 00000000

Symbol: PendSV_Handler
   Definitions
      At line 7 in file src\svc_call.s
   Uses
      At line 3 in file src\svc_call.s
Comment: PendSV_Handler used once
handle_pend 00000000

Symbol: handle_pend
   Definitions
      At line 1 in file src\svc_call.s
   Uses
      None
Comment: handle_pend unused
2 symbols
336 symbols in table
